# JRE version: Java(TM) SE Runtime Environment (8.0_102-b14) (build 1.8.0_102-b14)
# Java VM: Java HotSpot(TM) 64-Bit Server VM (25.102-b14 mixed mode linux-amd64 compressed oops)
Heap:
 PSYoungGen      total 266752K, used 6116K [0x00000000d6f80000, 0x00000000e8280000, 0x0000000100000000)
  eden space 251904K, 0% used [0x00000000d6f80000,0x00000000d6f80000,0x00000000e6580000)
  from space 14848K, 41% used [0x00000000e6580000,0x00000000e6b792a8,0x00000000e7400000)
  to   space 13312K, 0% used [0x00000000e7580000,0x00000000e7580000,0x00000000e8280000)
 ParOldGen       total 59392K, used 21845K [0x0000000084e00000, 0x0000000088800000, 0x00000000d6f80000)
  object space 59392K, 36% used [0x0000000084e00000,0x0000000086355408,0x0000000088800000)
 Metaspace       used 24843K, capacity 25672K, committed 25984K, reserved 1073152K
  class space    used 2891K, capacity 3133K, committed 3200K, reserved 1048576K
GC Heap History (10 events):
Event: 38.928 GC heap after
Heap after GC invocations=5 (full 0):
 PSYoungGen      total 68608K, used 5120K [0x00000000d6f80000, 0x00000000e0280000, 0x0000000100000000)
  eden space 63488K, 0% used [0x00000000d6f80000,0x00000000d6f80000,0x00000000dad80000)
  from space 5120K, 100% used [0x00000000dad80000,0x00000000db280000,0x00000000db280000)
  to   space 11776K, 0% used [0x00000000df700000,0x00000000df700000,0x00000000e0280000)
 ParOldGen       total 84992K, used 12551K [0x0000000084e00000, 0x000000008a100000, 0x00000000d6f80000)
  object space 84992K, 14% used [0x0000000084e00000,0x0000000085a41f88,0x000000008a100000)
 Metaspace       used 15480K, capacity 15744K, committed 15872K, reserved 1062912K
  class space    used 1855K, capacity 1946K, committed 2048K, reserved 1048576K
}
Event: 43.586 GC heap before
{Heap before GC invocations=6 (full 0):
 PSYoungGen      total 68608K, used 68608K [0x00000000d6f80000, 0x00000000e0280000, 0x0000000100000000)
  eden space 63488K, 100% used [0x00000000d6f80000,0x00000000dad80000,0x00000000dad80000)
  from space 5120K, 100% used [0x00000000dad80000,0x00000000db280000,0x00000000db280000)
  to   space 11776K, 0% used [0x00000000df700000,0x00000000df700000,0x00000000e0280000)
 ParOldGen       total 84992K, used 12551K [0x0000000084e00000, 0x000000008a100000, 0x00000000d6f80000)
  object space 84992K, 14% used [0x0000000084e00000,0x0000000085a41f88,0x000000008a100000)
 Metaspace       used 16596K, capacity 16912K, committed 17280K, reserved 1064960K
  class space    used 1955K, capacity 2054K, committed 2176K, reserved 1048576K
Event: 43.616 GC heap after
Heap after GC invocations=6 (full 0):
 PSYoungGen      total 138752K, used 9256K [0x00000000d6f80000, 0x00000000e0280000, 0x0000000100000000)
  eden space 126976K, 0% used [0x00000000d6f80000,0x00000000d6f80000,0x00000000deb80000)
  from space 11776K, 78% used [0x00000000df700000,0x00000000e000a080,0x00000000e0280000)
  to   space 11776K, 0% used [0x00000000deb80000,0x00000000deb80000,0x00000000df700000)
 ParOldGen       total 84992K, used 12551K [0x0000000084e00000, 0x000000008a100000, 0x00000000d6f80000)
  object space 84992K, 14% used [0x0000000084e00000,0x0000000085a41f88,0x000000008a100000)
 Metaspace       used 16596K, capacity 16912K, committed 17280K, reserved 1064960K
  class space    used 1955K, capacity 2054K, committed 2176K, reserved 1048576K
}
Event: 50.639 GC heap before
{Heap before GC invocations=7 (full 0):
 PSYoungGen      total 138752K, used 72371K [0x00000000d6f80000, 0x00000000e0280000, 0x0000000100000000)
  eden space 126976K, 49% used [0x00000000d6f80000,0x00000000dad22d08,0x00000000deb80000)
  from space 11776K, 78% used [0x00000000df700000,0x00000000e000a080,0x00000000e0280000)
  to   space 11776K, 0% used [0x00000000deb80000,0x00000000deb80000,0x00000000df700000)
 ParOldGen       total 84992K, used 12551K [0x0000000084e00000, 0x000000008a100000, 0x00000000d6f80000)
  object space 84992K, 14% used [0x0000000084e00000,0x0000000085a41f88,0x000000008a100000)
 Metaspace       used 20429K, capacity 21084K, committed 21296K, reserved 1069056K
  class space    used 2388K, capacity 2581K, committed 2688K, reserved 1048576K
Event: 50.658 GC heap after
Heap after GC invocations=7 (full 0):
 PSYoungGen      total 138752K, used 11747K [0x00000000d6f80000, 0x00000000e8380000, 0x0000000100000000)
  eden space 126976K, 0% used [0x00000000d6f80000,0x00000000d6f80000,0x00000000deb80000)
  from space 11776K, 99% used [0x00000000deb80000,0x00000000df6f8c90,0x00000000df700000)
  to   space 14336K, 0% used [0x00000000e7580000,0x00000000e7580000,0x00000000e8380000)
 ParOldGen       total 84992K, used 14601K [0x0000000084e00000, 0x000000008a100000, 0x00000000d6f80000)
  object space 84992K, 17% used [0x0000000084e00000,0x0000000085c42700,0x000000008a100000)
 Metaspace       used 20429K, capacity 21084K, committed 21296K, reserved 1069056K
  class space    used 2388K, capacity 2581K, committed 2688K, reserved 1048576K
}
Event: 50.658 GC heap before
{Heap before GC invocations=8 (full 1):
 PSYoungGen      total 138752K, used 11747K [0x00000000d6f80000, 0x00000000e8380000, 0x0000000100000000)
  eden space 126976K, 0% used [0x00000000d6f80000,0x00000000d6f80000,0x00000000deb80000)
  from space 11776K, 99% used [0x00000000deb80000,0x00000000df6f8c90,0x00000000df700000)
  to   space 14336K, 0% used [0x00000000e7580000,0x00000000e7580000,0x00000000e8380000)
 ParOldGen       total 84992K, used 14601K [0x0000000084e00000, 0x000000008a100000, 0x00000000d6f80000)
  object space 84992K, 17% used [0x0000000084e00000,0x0000000085c42700,0x000000008a100000)
 Metaspace       used 20429K, capacity 21084K, committed 21296K, reserved 1069056K
  class space    used 2388K, capacity 2581K, committed 2688K, reserved 1048576K
Event: 50.732 GC heap after
Heap after GC invocations=8 (full 1):
 PSYoungGen      total 138752K, used 0K [0x00000000d6f80000, 0x00000000e8380000, 0x0000000100000000)
  eden space 126976K, 0% used [0x00000000d6f80000,0x00000000d6f80000,0x00000000deb80000)
  from space 11776K, 0% used [0x00000000deb80000,0x00000000deb80000,0x00000000df700000)
  to   space 14336K, 0% used [0x00000000e7580000,0x00000000e7580000,0x00000000e8380000)
 ParOldGen       total 59392K, used 21764K [0x0000000084e00000, 0x0000000088800000, 0x00000000d6f80000)
  object space 59392K, 36% used [0x0000000084e00000,0x00000000863413f8,0x0000000088800000)
 Metaspace       used 20429K, capacity 21084K, committed 21296K, reserved 1069056K
  class space    used 2388K, capacity 2581K, committed 2688K, reserved 1048576K
}
Event: 53.287 GC heap before
{Heap before GC invocations=9 (full 1):
 PSYoungGen      total 138752K, used 126976K [0x00000000d6f80000, 0x00000000e8380000, 0x0000000100000000)
  eden space 126976K, 100% used [0x00000000d6f80000,0x00000000deb80000,0x00000000deb80000)
  from space 11776K, 0% used [0x00000000deb80000,0x00000000deb80000,0x00000000df700000)
  to   space 14336K, 0% used [0x00000000e7580000,0x00000000e7580000,0x00000000e8380000)
 ParOldGen       total 59392K, used 21764K [0x0000000084e00000, 0x0000000088800000, 0x00000000d6f80000)
  object space 59392K, 36% used [0x0000000084e00000,0x00000000863413f8,0x0000000088800000)
 Metaspace       used 24253K, capacity 25048K, committed 25088K, reserved 1071104K
  class space    used 2830K, capacity 3061K, committed 3072K, reserved 1048576K
Event: 53.294 GC heap after
Heap after GC invocations=9 (full 1):
 PSYoungGen      total 265216K, used 4034K [0x00000000d6f80000, 0x00000000e8280000, 0x0000000100000000)
  eden space 251904K, 0% used [0x00000000d6f80000,0x00000000d6f80000,0x00000000e6580000)
  from space 13312K, 30% used [0x00000000e7580000,0x00000000e7970b10,0x00000000e8280000)
  to   space 14848K, 0% used [0x00000000e6580000,0x00000000e6580000,0x00000000e7400000)
 ParOldGen       total 59392K, used 21837K [0x0000000084e00000, 0x0000000088800000, 0x00000000d6f80000)
  object space 59392K, 36% used [0x0000000084e00000,0x0000000086353408,0x0000000088800000)
 Metaspace       used 24253K, capacity 25048K, committed 25088K, reserved 1071104K
  class space    used 2830K, capacity 3061K, committed 3072K, reserved 1048576K
}
Event: 138.594 GC heap before
{Heap before GC invocations=10 (full 1):
 PSYoungGen      total 265216K, used 255938K [0x00000000d6f80000, 0x00000000e8280000, 0x0000000100000000)
  eden space 251904K, 100% used [0x00000000d6f80000,0x00000000e6580000,0x00000000e6580000)
  from space 13312K, 30% used [0x00000000e7580000,0x00000000e7970b10,0x00000000e8280000)
  to   space 14848K, 0% used [0x00000000e6580000,0x00000000e6580000,0x00000000e7400000)
 ParOldGen       total 59392K, used 21837K [0x0000000084e00000, 0x0000000088800000, 0x00000000d6f80000)
  object space 59392K, 36% used [0x0000000084e00000,0x0000000086353408,0x0000000088800000)
 Metaspace       used 24843K, capacity 25672K, committed 25984K, reserved 1073152K
  class space    used 2891K, capacity 3133K, committed 3200K, reserved 1048576K

